2013/08/12 06:43:47 [error] [exception.CHttpException.404] exception 'CHttpException' with message 'Unable to resolve the request "index".' in E:\Apache2.2\htdocs\doudou\framework\web\CWebApplication.php:286
Stack trace:
#0 E:\Apache2.2\htdocs\doudou\framework\web\CWebApplication.php(141): CWebApplication->runController('')
#1 E:\Apache2.2\htdocs\doudou\framework\base\CApplication.php(180): CWebApplication->processRequest()
#2 E:\Apache2.2\htdocs\doudou\index-test.php(15): CApplication->run()
#3 {main}
REQUEST_URI=/index-test.php
---
2013/08/12 06:50:45 [error] [exception.CHttpException.404] exception 'CHttpException' with message 'Unable to resolve the request "site/login".' in E:\Apache2.2\htdocs\doudou\framework\web\CWebApplication.php:286
Stack trace:
#0 E:\Apache2.2\htdocs\doudou\framework\web\CWebApplication.php(141): CWebApplication->runController('site/login')
#1 E:\Apache2.2\htdocs\doudou\framework\base\CApplication.php(180): CWebApplication->processRequest()
#2 E:\Apache2.2\htdocs\doudou\index-test.php(15): CApplication->run()
#3 {main}
REQUEST_URI=/index-test.php?r=site/login
HTTP_REFERER=http://doudou.test.local/index-test.php
---
2013/08/12 08:03:35 [error] [php] Undefined variable: model (E:\Apache2.2\htdocs\doudou\protected\views\register\register.php:16)
Stack trace:
#0 E:\Apache2.2\htdocs\doudou\framework\web\CController.php(869): RegisterController->renderFile()
#1 E:\Apache2.2\htdocs\doudou\framework\web\CController.php(782): RegisterController->renderPartial()
#2 E:\Apache2.2\htdocs\doudou\protected\controllers\RegisterController.php(12): RegisterController->render()
#3 E:\Apache2.2\htdocs\doudou\framework\web\actions\CInlineAction.php(49): RegisterController->actionRegister()
#4 E:\Apache2.2\htdocs\doudou\framework\web\CController.php(308): CInlineAction->runWithParams()
#5 E:\Apache2.2\htdocs\doudou\framework\web\CController.php(286): RegisterController->runAction()
#6 E:\Apache2.2\htdocs\doudou\framework\web\CController.php(265): RegisterController->runActionWithFilters()
#7 E:\Apache2.2\htdocs\doudou\framework\web\CWebApplication.php(282): RegisterController->run()
#8 E:\Apache2.2\htdocs\doudou\framework\web\CWebApplication.php(141): CWebApplication->runController()
#9 E:\Apache2.2\htdocs\doudou\framework\base\CApplication.php(180): CWebApplication->processRequest()
#10 E:\Apache2.2\htdocs\doudou\index-test.php(15): CWebApplication->run()
REQUEST_URI=/index-test.php/Register/register
2013/08/12 08:04:49 [error] [exception.CException] exception 'CException' with message 'Property "CFormModel.textField" is not defined.' in E:\Apache2.2\htdocs\doudou\framework\base\CComponent.php:130
Stack trace:
#0 E:\Apache2.2\htdocs\doudou\framework\web\helpers\CHtml.php(2529): CComponent->__get('textField')
#1 E:\Apache2.2\htdocs\doudou\framework\web\helpers\CHtml.php(2252): CHtml::resolveValue(Object(CFormModel), 'textField')
#2 E:\Apache2.2\htdocs\doudou\framework\web\helpers\CHtml.php(1434): CHtml::activeInputField('text', Object(CFormModel), 'textField', Array)
#3 E:\Apache2.2\htdocs\doudou\framework\web\widgets\CActiveForm.php(725): CHtml::activeTextField(Object(CFormModel), 'textField', Array)
#4 E:\Apache2.2\htdocs\doudou\protected\extensions\bootstrap\widgets\input\TbInputVertical.php(142): CActiveForm->textField(Object(CFormModel), 'textField', Array)
#5 E:\Apache2.2\htdocs\doudou\protected\extensions\bootstrap\widgets\input\TbInput.php(230): TbInputVertical->textField()
#6 E:\Apache2.2\htdocs\doudou\framework\web\CBaseController.php(173): TbInput->run()
#7 E:\Apache2.2\htdocs\doudou\protected\extensions\bootstrap\widgets\TbActiveForm.php(497): CBaseController->widget('bootstrap.widge...', Array)
#8 E:\Apache2.2\htdocs\doudou\protected\extensions\bootstrap\widgets\TbActiveForm.php(186): TbActiveForm->inputRow('text', Object(CFormModel), 'textField', NULL, Array)
#9 E:\Apache2.2\htdocs\doudou\protected\views\register\register.php(16): TbActiveForm->textFieldRow(Object(CFormModel), 'textField', Array)
#10 E:\Apache2.2\htdocs\doudou\framework\web\CBaseController.php(126): require('E:\Apache2.2\ht...')
#11 E:\Apache2.2\htdocs\doudou\framework\web\CBaseController.php(95): CBaseController->renderInternal('E:\Apache2.2\ht...', Array, true)
#12 E:\Apache2.2\htdocs\doudou\framework\web\CController.php(869): CBaseController->renderFile('E:\Apache2.2\ht...', Array, true)
#13 E:\Apache2.2\htdocs\doudou\framework\web\CController.php(782): CController->renderPartial('register', Array, true)
#14 E:\Apache2.2\htdocs\doudou\protected\controllers\RegisterController.php(15): CController->render('register', Array)
#15 E:\Apache2.2\htdocs\doudou\framework\web\actions\CInlineAction.php(49): RegisterController->actionRegister()
#16 E:\Apache2.2\htdocs\doudou\framework\web\CController.php(308): CInlineAction->runWithParams(Array)
#17 E:\Apache2.2\htdocs\doudou\framework\web\CController.php(286): CController->runAction(Object(CInlineAction))
#18 E:\Apache2.2\htdocs\doudou\framework\web\CController.php(265): CController->runActionWithFilters(Object(CInlineAction), Array)
#19 E:\Apache2.2\htdocs\doudou\framework\web\CWebApplication.php(282): CController->run('register')
#20 E:\Apache2.2\htdocs\doudou\framework\web\CWebApplication.php(141): CWebApplication->runController('Register/regist...')
#21 E:\Apache2.2\htdocs\doudou\framework\base\CApplication.php(180): CWebApplication->processRequest()
#22 E:\Apache2.2\htdocs\doudou\index-test.php(15): CApplication->run()
#23 {main}
REQUEST_URI=/index-test.php/Register/register
---
2013/08/12 08:12:08 [error] [exception.CHttpException.404] exception 'CHttpException' with message 'Unable to resolve the request "re".' in E:\Apache2.2\htdocs\doudou\framework\web\CWebApplication.php:286
Stack trace:
#0 E:\Apache2.2\htdocs\doudou\framework\web\CWebApplication.php(141): CWebApplication->runController('re')
#1 E:\Apache2.2\htdocs\doudou\framework\base\CApplication.php(180): CWebApplication->processRequest()
#2 E:\Apache2.2\htdocs\doudou\index-test.php(15): CApplication->run()
#3 {main}
REQUEST_URI=/index-test.php/re
---
2013/08/12 08:12:12 [error] [php] Undefined variable: model (E:\Apache2.2\htdocs\doudou\protected\controllers\RegisterController.php:14)
Stack trace:
#0 E:\Apache2.2\htdocs\doudou\framework\web\CController.php(286): RegisterController->runAction()
#1 E:\Apache2.2\htdocs\doudou\framework\web\CController.php(265): RegisterController->runActionWithFilters()
#2 E:\Apache2.2\htdocs\doudou\framework\web\CWebApplication.php(282): RegisterController->run()
#3 E:\Apache2.2\htdocs\doudou\framework\web\CWebApplication.php(141): CWebApplication->runController()
#4 E:\Apache2.2\htdocs\doudou\framework\base\CApplication.php(180): CWebApplication->processRequest()
#5 E:\Apache2.2\htdocs\doudou\index-test.php(15): CWebApplication->run()
REQUEST_URI=/index-test.php/register/register
2013/08/12 08:13:43 [error] [exception.CException] exception 'CException' with message 'RegisterController has an extra endWidget(CContentDecorator) call in its view.' in E:\Apache2.2\htdocs\doudou\framework\web\CBaseController.php:210
Stack trace:
#0 E:\Apache2.2\htdocs\doudou\framework\web\CBaseController.php(300): CBaseController->endWidget('CContentDecorat...')
#1 E:\Apache2.2\htdocs\doudou\protected\views\layouts\column1.php(5): CBaseController->endContent()
#2 E:\Apache2.2\htdocs\doudou\framework\web\CBaseController.php(126): require('E:\Apache2.2\ht...')
#3 E:\Apache2.2\htdocs\doudou\framework\web\CBaseController.php(95): CBaseController->renderInternal('E:\Apache2.2\ht...', Array, true)
#4 E:\Apache2.2\htdocs\doudou\framework\web\CController.php(784): CBaseController->renderFile('E:\Apache2.2\ht...', Array, true)
#5 E:\Apache2.2\htdocs\doudou\protected\controllers\RegisterController.php(12): CController->render('register')
#6 E:\Apache2.2\htdocs\doudou\framework\web\actions\CInlineAction.php(49): RegisterController->actionRegister()
#7 E:\Apache2.2\htdocs\doudou\framework\web\CController.php(308): CInlineAction->runWithParams(Array)
#8 E:\Apache2.2\htdocs\doudou\framework\web\CController.php(286): CController->runAction(Object(CInlineAction))
#9 E:\Apache2.2\htdocs\doudou\framework\web\CController.php(265): CController->runActionWithFilters(Object(CInlineAction), Array)
#10 E:\Apache2.2\htdocs\doudou\framework\web\CWebApplication.php(282): CController->run('register')
#11 E:\Apache2.2\htdocs\doudou\framework\web\CWebApplication.php(141): CWebApplication->runController('register/regist...')
#12 E:\Apache2.2\htdocs\doudou\framework\base\CApplication.php(180): CWebApplication->processRequest()
#13 E:\Apache2.2\htdocs\doudou\index-test.php(15): CApplication->run()
#14 {main}
REQUEST_URI=/index-test.php/register/register
---
2013/08/12 08:14:43 [error] [exception.CHttpException.404] exception 'CHttpException' with message 'Unable to resolve the request "site/login".' in E:\Apache2.2\htdocs\doudou\framework\web\CWebApplication.php:286
Stack trace:
#0 E:\Apache2.2\htdocs\doudou\framework\web\CWebApplication.php(141): CWebApplication->runController('site/login')
#1 E:\Apache2.2\htdocs\doudou\framework\base\CApplication.php(180): CWebApplication->processRequest()
#2 E:\Apache2.2\htdocs\doudou\index-test.php(15): CApplication->run()
#3 {main}
REQUEST_URI=/index-test.php/site/login
HTTP_REFERER=http://doudou.test.local/index-test.php/register/register
---
2013/08/12 08:42:22 [error] [exception.CException] exception 'CException' with message 'RegisterController and its behaviors do not have a method or closure named "beginWiget".' in E:\Apache2.2\htdocs\doudou\framework\base\CComponent.php:266
Stack trace:
#0 E:\Apache2.2\htdocs\doudou\protected\views\register\register.php(14): CComponent->__call('beginWiget', Array)
#1 E:\Apache2.2\htdocs\doudou\protected\views\register\register.php(14): RegisterController->beginWiget('bootstrap.widge...', Array)
#2 E:\Apache2.2\htdocs\doudou\framework\web\CBaseController.php(126): require('E:\Apache2.2\ht...')
#3 E:\Apache2.2\htdocs\doudou\framework\web\CBaseController.php(95): CBaseController->renderInternal('E:\Apache2.2\ht...', Array, true)
#4 E:\Apache2.2\htdocs\doudou\framework\web\CController.php(869): CBaseController->renderFile('E:\Apache2.2\ht...', Array, true)
#5 E:\Apache2.2\htdocs\doudou\framework\web\CController.php(782): CController->renderPartial('register', Array, true)
#6 E:\Apache2.2\htdocs\doudou\protected\controllers\RegisterController.php(15): CController->render('register', Array)
#7 E:\Apache2.2\htdocs\doudou\framework\web\actions\CInlineAction.php(49): RegisterController->actionRegister()
#8 E:\Apache2.2\htdocs\doudou\framework\web\CController.php(308): CInlineAction->runWithParams(Array)
#9 E:\Apache2.2\htdocs\doudou\framework\web\CController.php(286): CController->runAction(Object(CInlineAction))
#10 E:\Apache2.2\htdocs\doudou\framework\web\CController.php(265): CController->runActionWithFilters(Object(CInlineAction), Array)
#11 E:\Apache2.2\htdocs\doudou\framework\web\CWebApplication.php(282): CController->run('register')
#12 E:\Apache2.2\htdocs\doudou\framework\web\CWebApplication.php(141): CWebApplication->runController('register/regist...')
#13 E:\Apache2.2\htdocs\doudou\framework\base\CApplication.php(180): CWebApplication->processRequest()
#14 E:\Apache2.2\htdocs\doudou\index-test.php(15): CApplication->run()
#15 {main}
REQUEST_URI=/index-test.php/register/register
---
2013/08/12 08:44:49 [error] [exception.CException] exception 'CException' with message 'CHttpRequest and its behaviors do not have a method or closure named "createUrl".' in E:\Apache2.2\htdocs\doudou\framework\base\CComponent.php:266
Stack trace:
#0 E:\Apache2.2\htdocs\doudou\protected\views\register\register.php(13): CComponent->__call('createUrl', Array)
#1 E:\Apache2.2\htdocs\doudou\protected\views\register\register.php(13): CHttpRequest->createUrl('register/post')
#2 E:\Apache2.2\htdocs\doudou\framework\web\CBaseController.php(126): require('E:\Apache2.2\ht...')
#3 E:\Apache2.2\htdocs\doudou\framework\web\CBaseController.php(95): CBaseController->renderInternal('E:\Apache2.2\ht...', Array, true)
#4 E:\Apache2.2\htdocs\doudou\framework\web\CController.php(869): CBaseController->renderFile('E:\Apache2.2\ht...', Array, true)
#5 E:\Apache2.2\htdocs\doudou\framework\web\CController.php(782): CController->renderPartial('register', Array, true)
#6 E:\Apache2.2\htdocs\doudou\protected\controllers\RegisterController.php(15): CController->render('register', Array)
#7 E:\Apache2.2\htdocs\doudou\framework\web\actions\CInlineAction.php(49): RegisterController->actionRegister()
#8 E:\Apache2.2\htdocs\doudou\framework\web\CController.php(308): CInlineAction->runWithParams(Array)
#9 E:\Apache2.2\htdocs\doudou\framework\web\CController.php(286): CController->runAction(Object(CInlineAction))
#10 E:\Apache2.2\htdocs\doudou\framework\web\CController.php(265): CController->runActionWithFilters(Object(CInlineAction), Array)
#11 E:\Apache2.2\htdocs\doudou\framework\web\CWebApplication.php(282): CController->run('register')
#12 E:\Apache2.2\htdocs\doudou\framework\web\CWebApplication.php(141): CWebApplication->runController('register/regist...')
#13 E:\Apache2.2\htdocs\doudou\framework\base\CApplication.php(180): CWebApplication->processRequest()
#14 E:\Apache2.2\htdocs\doudou\index-test.php(15): CApplication->run()
#15 {main}
REQUEST_URI=/index-test.php/register/register
---
2013/08/12 08:50:58 [error] [exception.CException] exception 'CException' with message 'RegModel has an invalid validation rule. The rule must specify attributes to be validated and the validator name.' in E:\Apache2.2\htdocs\doudou\framework\base\CModel.php:289
Stack trace:
#0 E:\Apache2.2\htdocs\doudou\framework\base\CModel.php(260): CModel->createValidators()
#1 E:\Apache2.2\htdocs\doudou\framework\base\CModel.php(304): CModel->getValidators('email')
#2 E:\Apache2.2\htdocs\doudou\framework\web\helpers\CHtml.php(1414): CModel->isAttributeRequired('email')
#3 E:\Apache2.2\htdocs\doudou\framework\web\widgets\CActiveForm.php(597): CHtml::activeLabelEx(Object(RegModel), 'email', Array)
#4 E:\Apache2.2\htdocs\doudou\protected\extensions\bootstrap\widgets\input\TbInput.php(253): CActiveForm->labelEx(Object(RegModel), 'email', Array)
#5 E:\Apache2.2\htdocs\doudou\protected\extensions\bootstrap\widgets\input\TbInputVertical.php(140): TbInput->getLabel()
#6 E:\Apache2.2\htdocs\doudou\protected\extensions\bootstrap\widgets\input\TbInput.php(230): TbInputVertical->textField()
#7 E:\Apache2.2\htdocs\doudou\framework\web\CBaseController.php(173): TbInput->run()
#8 E:\Apache2.2\htdocs\doudou\protected\extensions\bootstrap\widgets\TbActiveForm.php(497): CBaseController->widget('bootstrap.widge...', Array)
#9 E:\Apache2.2\htdocs\doudou\protected\extensions\bootstrap\widgets\TbActiveForm.php(186): TbActiveForm->inputRow('text', Object(RegModel), 'email', NULL, Array)
#10 E:\Apache2.2\htdocs\doudou\protected\views\register\register.php(16): TbActiveForm->textFieldRow(Object(RegModel), 'email', Array)
#11 E:\Apache2.2\htdocs\doudou\framework\web\CBaseController.php(126): require('E:\Apache2.2\ht...')
#12 E:\Apache2.2\htdocs\doudou\framework\web\CBaseController.php(95): CBaseController->renderInternal('E:\Apache2.2\ht...', Array, true)
#13 E:\Apache2.2\htdocs\doudou\framework\web\CController.php(869): CBaseController->renderFile('E:\Apache2.2\ht...', Array, true)
#14 E:\Apache2.2\htdocs\doudou\framework\web\CController.php(782): CController->renderPartial('register', Array, true)
#15 E:\Apache2.2\htdocs\doudou\protected\controllers\RegisterController.php(15): CController->render('register', Array)
#16 E:\Apache2.2\htdocs\doudou\framework\web\actions\CInlineAction.php(49): RegisterController->actionRegister()
#17 E:\Apache2.2\htdocs\doudou\framework\web\CController.php(308): CInlineAction->runWithParams(Array)
#18 E:\Apache2.2\htdocs\doudou\framework\web\CController.php(286): CController->runAction(Object(CInlineAction))
#19 E:\Apache2.2\htdocs\doudou\framework\web\CController.php(265): CController->runActionWithFilters(Object(CInlineAction), Array)
#20 E:\Apache2.2\htdocs\doudou\framework\web\CWebApplication.php(282): CController->run('register')
#21 E:\Apache2.2\htdocs\doudou\framework\web\CWebApplication.php(141): CWebApplication->runController('register/regist...')
#22 E:\Apache2.2\htdocs\doudou\framework\base\CApplication.php(180): CWebApplication->processRequest()
#23 E:\Apache2.2\htdocs\doudou\index-test.php(15): CApplication->run()
#24 {main}
REQUEST_URI=/index-test.php/register/register
---
2013/08/12 08:53:02 [error] [exception.CException] exception 'CException' with message 'Property "RegModel.邮箱" is not defined.' in E:\Apache2.2\htdocs\doudou\framework\base\CComponent.php:130
Stack trace:
#0 E:\Apache2.2\htdocs\doudou\framework\web\helpers\CHtml.php(2529): CComponent->__get('??????')
#1 E:\Apache2.2\htdocs\doudou\framework\web\helpers\CHtml.php(2252): CHtml::resolveValue(Object(RegModel), '??????')
#2 E:\Apache2.2\htdocs\doudou\framework\web\helpers\CHtml.php(1434): CHtml::activeInputField('text', Object(RegModel), '??????', Array)
#3 E:\Apache2.2\htdocs\doudou\framework\web\widgets\CActiveForm.php(725): CHtml::activeTextField(Object(RegModel), '??????', Array)
#4 E:\Apache2.2\htdocs\doudou\protected\extensions\bootstrap\widgets\input\TbInputVertical.php(142): CActiveForm->textField(Object(RegModel), '??????', Array)
#5 E:\Apache2.2\htdocs\doudou\protected\extensions\bootstrap\widgets\input\TbInput.php(230): TbInputVertical->textField()
#6 E:\Apache2.2\htdocs\doudou\framework\web\CBaseController.php(173): TbInput->run()
#7 E:\Apache2.2\htdocs\doudou\protected\extensions\bootstrap\widgets\TbActiveForm.php(497): CBaseController->widget('bootstrap.widge...', Array)
#8 E:\Apache2.2\htdocs\doudou\protected\extensions\bootstrap\widgets\TbActiveForm.php(186): TbActiveForm->inputRow('text', Object(RegModel), '??????', NULL, Array)
#9 E:\Apache2.2\htdocs\doudou\protected\views\register\register.php(16): TbActiveForm->textFieldRow(Object(RegModel), '??????', Array)
#10 E:\Apache2.2\htdocs\doudou\framework\web\CBaseController.php(126): require('E:\Apache2.2\ht...')
#11 E:\Apache2.2\htdocs\doudou\framework\web\CBaseController.php(95): CBaseController->renderInternal('E:\Apache2.2\ht...', Array, true)
#12 E:\Apache2.2\htdocs\doudou\framework\web\CController.php(869): CBaseController->renderFile('E:\Apache2.2\ht...', Array, true)
#13 E:\Apache2.2\htdocs\doudou\framework\web\CController.php(782): CController->renderPartial('register', Array, true)
#14 E:\Apache2.2\htdocs\doudou\protected\controllers\RegisterController.php(15): CController->render('register', Array)
#15 E:\Apache2.2\htdocs\doudou\framework\web\actions\CInlineAction.php(49): RegisterController->actionRegister()
#16 E:\Apache2.2\htdocs\doudou\framework\web\CController.php(308): CInlineAction->runWithParams(Array)
#17 E:\Apache2.2\htdocs\doudou\framework\web\CController.php(286): CController->runAction(Object(CInlineAction))
#18 E:\Apache2.2\htdocs\doudou\framework\web\CController.php(265): CController->runActionWithFilters(Object(CInlineAction), Array)
#19 E:\Apache2.2\htdocs\doudou\framework\web\CWebApplication.php(282): CController->run('register')
#20 E:\Apache2.2\htdocs\doudou\framework\web\CWebApplication.php(141): CWebApplication->runController('register/regist...')
#21 E:\Apache2.2\htdocs\doudou\framework\base\CApplication.php(180): CWebApplication->processRequest()
#22 E:\Apache2.2\htdocs\doudou\index-test.php(15): CApplication->run()
#23 {main}
REQUEST_URI=/index-test.php/register/register
---
2013/08/12 09:08:08 [error] [exception.CHttpException.404] exception 'CHttpException' with message 'The system is unable to find the requested action "reg".' in E:\Apache2.2\htdocs\doudou\framework\web\CController.php:483
Stack trace:
#0 E:\Apache2.2\htdocs\doudou\framework\web\CController.php(270): CController->missingAction('reg')
#1 E:\Apache2.2\htdocs\doudou\framework\web\CWebApplication.php(282): CController->run('reg')
#2 E:\Apache2.2\htdocs\doudou\framework\web\CWebApplication.php(141): CWebApplication->runController('register/reg')
#3 E:\Apache2.2\htdocs\doudou\framework\base\CApplication.php(180): CWebApplication->processRequest()
#4 E:\Apache2.2\htdocs\doudou\index-test.php(15): CApplication->run()
#5 {main}
REQUEST_URI=/index-test.php/register/reg
HTTP_REFERER=http://doudou.test.local/index-test.php/register/register
---
2013/08/12 10:03:23 [error] [exception.CException] exception 'CException' with message 'Property "TbButton.lodingText" is not defined.' in E:\Apache2.2\htdocs\doudou\framework\base\CComponent.php:173
Stack trace:
#0 E:\Apache2.2\htdocs\doudou\framework\web\CWidgetFactory.php(161): CComponent->__set('lodingText', 'Loding...')
#1 E:\Apache2.2\htdocs\doudou\framework\web\CBaseController.php(146): CWidgetFactory->createWidget(Object(RegisterController), 'bootstrap.widge...', Array)
#2 E:\Apache2.2\htdocs\doudou\framework\web\CBaseController.php(172): CBaseController->createWidget('bootstrap.widge...', Array)
#3 E:\Apache2.2\htdocs\doudou\protected\views\register\register.php(23): CBaseController->widget('bootstrap.widge...', Array)
#4 E:\Apache2.2\htdocs\doudou\framework\web\CBaseController.php(126): require('E:\Apache2.2\ht...')
#5 E:\Apache2.2\htdocs\doudou\framework\web\CBaseController.php(95): CBaseController->renderInternal('E:\Apache2.2\ht...', Array, true)
#6 E:\Apache2.2\htdocs\doudou\framework\web\CController.php(869): CBaseController->renderFile('E:\Apache2.2\ht...', Array, true)
#7 E:\Apache2.2\htdocs\doudou\framework\web\CController.php(782): CController->renderPartial('register', Array, true)
#8 E:\Apache2.2\htdocs\doudou\protected\controllers\RegisterController.php(15): CController->render('register', Array)
#9 E:\Apache2.2\htdocs\doudou\framework\web\actions\CInlineAction.php(49): RegisterController->actionRegister()
#10 E:\Apache2.2\htdocs\doudou\framework\web\CController.php(308): CInlineAction->runWithParams(Array)
#11 E:\Apache2.2\htdocs\doudou\framework\web\CController.php(286): CController->runAction(Object(CInlineAction))
#12 E:\Apache2.2\htdocs\doudou\framework\web\CController.php(265): CController->runActionWithFilters(Object(CInlineAction), Array)
#13 E:\Apache2.2\htdocs\doudou\framework\web\CWebApplication.php(282): CController->run('register')
#14 E:\Apache2.2\htdocs\doudou\framework\web\CWebApplication.php(141): CWebApplication->runController('register/regist...')
#15 E:\Apache2.2\htdocs\doudou\framework\base\CApplication.php(180): CWebApplication->processRequest()
#16 E:\Apache2.2\htdocs\doudou\index-test.php(15): CApplication->run()
#17 {main}
REQUEST_URI=/index-test.php/register/register
---
2013/08/12 12:56:44 [error] [php] date(): It is not safe to rely on the system's timezone settings. You are *required* to use the date.timezone setting or the date_default_timezone_set() function. In case you used any of those methods and you are still getting this warning, you most likely misspelled the timezone identifier. We selected the timezone 'UTC' for now, but please set date.timezone to select your timezone. (E:\Apache2.2\htdocs\doudou\protected\views\layouts\main.php:42)
Stack trace:
#0 E:\Apache2.2\htdocs\doudou\framework\web\CBaseController.php(95): IndexController->renderInternal()
#1 E:\Apache2.2\htdocs\doudou\framework\web\widgets\CContentDecorator.php(76): IndexController->renderFile()
#2 E:\Apache2.2\htdocs\doudou\framework\web\widgets\CContentDecorator.php(54): CContentDecorator->decorate()
#3 E:\Apache2.2\htdocs\doudou\framework\web\widgets\COutputProcessor.php(44): CContentDecorator->processOutput()
#4 E:\Apache2.2\htdocs\doudou\framework\web\CBaseController.php(206): CContentDecorator->run()
#5 E:\Apache2.2\htdocs\doudou\framework\web\CBaseController.php(300): IndexController->endWidget()
#6 E:\Apache2.2\htdocs\doudou\protected\views\layouts\column1.php(6): IndexController->endContent()
#7 E:\Apache2.2\htdocs\doudou\framework\web\CBaseController.php(126): require()
#8 E:\Apache2.2\htdocs\doudou\framework\web\CBaseController.php(95): IndexController->renderInternal()
#9 E:\Apache2.2\htdocs\doudou\framework\web\CController.php(784): IndexController->renderFile()
#10 E:\Apache2.2\htdocs\doudou\protected\controllers\IndexController.php(32): IndexController->render()
#11 E:\Apache2.2\htdocs\doudou\framework\web\actions\CInlineAction.php(49): IndexController->actionIndex()
#12 E:\Apache2.2\htdocs\doudou\framework\web\CController.php(308): CInlineAction->runWithParams()
#13 E:\Apache2.2\htdocs\doudou\framework\web\CController.php(286): IndexController->runAction()
#14 E:\Apache2.2\htdocs\doudou\framework\web\CController.php(265): IndexController->runActionWithFilters()
#15 E:\Apache2.2\htdocs\doudou\framework\web\CWebApplication.php(282): IndexController->run()
#16 E:\Apache2.2\htdocs\doudou\framework\web\CWebApplication.php(141): CWebApplication->runController()
#17 E:\Apache2.2\htdocs\doudou\framework\base\CApplication.php(180): CWebApplication->processRequest()
#18 E:\Apache2.2\htdocs\doudou\index-test.php(15): CWebApplication->run()
REQUEST_URI=/index-test.php
2013/08/12 13:01:19 [error] [php] date(): It is not safe to rely on the system's timezone settings. You are *required* to use the date.timezone setting or the date_default_timezone_set() function. In case you used any of those methods and you are still getting this warning, you most likely misspelled the timezone identifier. We selected the timezone 'UTC' for now, but please set date.timezone to select your timezone. (E:\Apache2.2\htdocs\doudou\protected\views\layouts\main.php:42)
Stack trace:
#0 E:\Apache2.2\htdocs\doudou\framework\web\CBaseController.php(95): IndexController->renderInternal()
#1 E:\Apache2.2\htdocs\doudou\framework\web\widgets\CContentDecorator.php(76): IndexController->renderFile()
#2 E:\Apache2.2\htdocs\doudou\framework\web\widgets\CContentDecorator.php(54): CContentDecorator->decorate()
#3 E:\Apache2.2\htdocs\doudou\framework\web\widgets\COutputProcessor.php(44): CContentDecorator->processOutput()
#4 E:\Apache2.2\htdocs\doudou\framework\web\CBaseController.php(206): CContentDecorator->run()
#5 E:\Apache2.2\htdocs\doudou\framework\web\CBaseController.php(300): IndexController->endWidget()
#6 E:\Apache2.2\htdocs\doudou\protected\views\layouts\column1.php(6): IndexController->endContent()
#7 E:\Apache2.2\htdocs\doudou\framework\web\CBaseController.php(126): require()
#8 E:\Apache2.2\htdocs\doudou\framework\web\CBaseController.php(95): IndexController->renderInternal()
#9 E:\Apache2.2\htdocs\doudou\framework\web\CController.php(784): IndexController->renderFile()
#10 E:\Apache2.2\htdocs\doudou\protected\controllers\IndexController.php(32): IndexController->render()
#11 E:\Apache2.2\htdocs\doudou\framework\web\actions\CInlineAction.php(49): IndexController->actionIndex()
#12 E:\Apache2.2\htdocs\doudou\framework\web\CController.php(308): CInlineAction->runWithParams()
#13 E:\Apache2.2\htdocs\doudou\framework\web\CController.php(286): IndexController->runAction()
#14 E:\Apache2.2\htdocs\doudou\framework\web\CController.php(265): IndexController->runActionWithFilters()
#15 E:\Apache2.2\htdocs\doudou\framework\web\CWebApplication.php(282): IndexController->run()
#16 E:\Apache2.2\htdocs\doudou\framework\web\CWebApplication.php(141): CWebApplication->runController()
#17 E:\Apache2.2\htdocs\doudou\framework\base\CApplication.php(180): CWebApplication->processRequest()
#18 E:\Apache2.2\htdocs\doudou\index-test.php(15): CWebApplication->run()
REQUEST_URI=/index-test.php
2013/08/12 13:01:20 [error] [php] date(): It is not safe to rely on the system's timezone settings. You are *required* to use the date.timezone setting or the date_default_timezone_set() function. In case you used any of those methods and you are still getting this warning, you most likely misspelled the timezone identifier. We selected the timezone 'UTC' for now, but please set date.timezone to select your timezone. (E:\Apache2.2\htdocs\doudou\protected\views\layouts\main.php:42)
Stack trace:
#0 E:\Apache2.2\htdocs\doudou\framework\web\CBaseController.php(95): IndexController->renderInternal()
#1 E:\Apache2.2\htdocs\doudou\framework\web\widgets\CContentDecorator.php(76): IndexController->renderFile()
#2 E:\Apache2.2\htdocs\doudou\framework\web\widgets\CContentDecorator.php(54): CContentDecorator->decorate()
#3 E:\Apache2.2\htdocs\doudou\framework\web\widgets\COutputProcessor.php(44): CContentDecorator->processOutput()
#4 E:\Apache2.2\htdocs\doudou\framework\web\CBaseController.php(206): CContentDecorator->run()
#5 E:\Apache2.2\htdocs\doudou\framework\web\CBaseController.php(300): IndexController->endWidget()
#6 E:\Apache2.2\htdocs\doudou\protected\views\layouts\column1.php(6): IndexController->endContent()
#7 E:\Apache2.2\htdocs\doudou\framework\web\CBaseController.php(126): require()
#8 E:\Apache2.2\htdocs\doudou\framework\web\CBaseController.php(95): IndexController->renderInternal()
#9 E:\Apache2.2\htdocs\doudou\framework\web\CController.php(784): IndexController->renderFile()
#10 E:\Apache2.2\htdocs\doudou\protected\controllers\IndexController.php(32): IndexController->render()
#11 E:\Apache2.2\htdocs\doudou\framework\web\actions\CInlineAction.php(49): IndexController->actionIndex()
#12 E:\Apache2.2\htdocs\doudou\framework\web\CController.php(308): CInlineAction->runWithParams()
#13 E:\Apache2.2\htdocs\doudou\framework\web\CController.php(286): IndexController->runAction()
#14 E:\Apache2.2\htdocs\doudou\framework\web\CController.php(265): IndexController->runActionWithFilters()
#15 E:\Apache2.2\htdocs\doudou\framework\web\CWebApplication.php(282): IndexController->run()
#16 E:\Apache2.2\htdocs\doudou\framework\web\CWebApplication.php(141): CWebApplication->runController()
#17 E:\Apache2.2\htdocs\doudou\framework\base\CApplication.php(180): CWebApplication->processRequest()
#18 E:\Apache2.2\htdocs\doudou\index-test.php(15): CWebApplication->run()
REQUEST_URI=/index-test.php
2013/08/12 13:01:21 [error] [php] date(): It is not safe to rely on the system's timezone settings. You are *required* to use the date.timezone setting or the date_default_timezone_set() function. In case you used any of those methods and you are still getting this warning, you most likely misspelled the timezone identifier. We selected the timezone 'UTC' for now, but please set date.timezone to select your timezone. (E:\Apache2.2\htdocs\doudou\protected\views\layouts\main.php:42)
Stack trace:
#0 E:\Apache2.2\htdocs\doudou\framework\web\CBaseController.php(95): IndexController->renderInternal()
#1 E:\Apache2.2\htdocs\doudou\framework\web\widgets\CContentDecorator.php(76): IndexController->renderFile()
#2 E:\Apache2.2\htdocs\doudou\framework\web\widgets\CContentDecorator.php(54): CContentDecorator->decorate()
#3 E:\Apache2.2\htdocs\doudou\framework\web\widgets\COutputProcessor.php(44): CContentDecorator->processOutput()
#4 E:\Apache2.2\htdocs\doudou\framework\web\CBaseController.php(206): CContentDecorator->run()
#5 E:\Apache2.2\htdocs\doudou\framework\web\CBaseController.php(300): IndexController->endWidget()
#6 E:\Apache2.2\htdocs\doudou\protected\views\layouts\column1.php(6): IndexController->endContent()
#7 E:\Apache2.2\htdocs\doudou\framework\web\CBaseController.php(126): require()
#8 E:\Apache2.2\htdocs\doudou\framework\web\CBaseController.php(95): IndexController->renderInternal()
#9 E:\Apache2.2\htdocs\doudou\framework\web\CController.php(784): IndexController->renderFile()
#10 E:\Apache2.2\htdocs\doudou\protected\controllers\IndexController.php(32): IndexController->render()
#11 E:\Apache2.2\htdocs\doudou\framework\web\actions\CInlineAction.php(49): IndexController->actionIndex()
#12 E:\Apache2.2\htdocs\doudou\framework\web\CController.php(308): CInlineAction->runWithParams()
#13 E:\Apache2.2\htdocs\doudou\framework\web\CController.php(286): IndexController->runAction()
#14 E:\Apache2.2\htdocs\doudou\framework\web\CController.php(265): IndexController->runActionWithFilters()
#15 E:\Apache2.2\htdocs\doudou\framework\web\CWebApplication.php(282): IndexController->run()
#16 E:\Apache2.2\htdocs\doudou\framework\web\CWebApplication.php(141): CWebApplication->runController()
#17 E:\Apache2.2\htdocs\doudou\framework\base\CApplication.php(180): CWebApplication->processRequest()
#18 E:\Apache2.2\htdocs\doudou\index-test.php(15): CWebApplication->run()
REQUEST_URI=/index-test.php
2013/08/12 13:01:55 [error] [php] date(): It is not safe to rely on the system's timezone settings. You are *required* to use the date.timezone setting or the date_default_timezone_set() function. In case you used any of those methods and you are still getting this warning, you most likely misspelled the timezone identifier. We selected the timezone 'UTC' for now, but please set date.timezone to select your timezone. (E:\Apache2.2\htdocs\doudou\protected\views\layouts\main.php:42)
Stack trace:
#0 E:\Apache2.2\htdocs\doudou\framework\web\CBaseController.php(95): IndexController->renderInternal()
#1 E:\Apache2.2\htdocs\doudou\framework\web\widgets\CContentDecorator.php(76): IndexController->renderFile()
#2 E:\Apache2.2\htdocs\doudou\framework\web\widgets\CContentDecorator.php(54): CContentDecorator->decorate()
#3 E:\Apache2.2\htdocs\doudou\framework\web\widgets\COutputProcessor.php(44): CContentDecorator->processOutput()
#4 E:\Apache2.2\htdocs\doudou\framework\web\CBaseController.php(206): CContentDecorator->run()
#5 E:\Apache2.2\htdocs\doudou\framework\web\CBaseController.php(300): IndexController->endWidget()
#6 E:\Apache2.2\htdocs\doudou\protected\views\layouts\column1.php(6): IndexController->endContent()
#7 E:\Apache2.2\htdocs\doudou\framework\web\CBaseController.php(126): require()
#8 E:\Apache2.2\htdocs\doudou\framework\web\CBaseController.php(95): IndexController->renderInternal()
#9 E:\Apache2.2\htdocs\doudou\framework\web\CController.php(784): IndexController->renderFile()
#10 E:\Apache2.2\htdocs\doudou\protected\controllers\IndexController.php(32): IndexController->render()
#11 E:\Apache2.2\htdocs\doudou\framework\web\actions\CInlineAction.php(49): IndexController->actionIndex()
#12 E:\Apache2.2\htdocs\doudou\framework\web\CController.php(308): CInlineAction->runWithParams()
#13 E:\Apache2.2\htdocs\doudou\framework\web\CController.php(286): IndexController->runAction()
#14 E:\Apache2.2\htdocs\doudou\framework\web\CController.php(265): IndexController->runActionWithFilters()
#15 E:\Apache2.2\htdocs\doudou\framework\web\CWebApplication.php(282): IndexController->run()
#16 E:\Apache2.2\htdocs\doudou\framework\web\CWebApplication.php(141): CWebApplication->runController()
#17 E:\Apache2.2\htdocs\doudou\framework\base\CApplication.php(180): CWebApplication->processRequest()
#18 E:\Apache2.2\htdocs\doudou\index-test.php(15): CWebApplication->run()
REQUEST_URI=/index-test.php
2013/08/12 13:01:56 [error] [php] date(): It is not safe to rely on the system's timezone settings. You are *required* to use the date.timezone setting or the date_default_timezone_set() function. In case you used any of those methods and you are still getting this warning, you most likely misspelled the timezone identifier. We selected the timezone 'UTC' for now, but please set date.timezone to select your timezone. (E:\Apache2.2\htdocs\doudou\protected\views\layouts\main.php:42)
Stack trace:
#0 E:\Apache2.2\htdocs\doudou\framework\web\CBaseController.php(95): IndexController->renderInternal()
#1 E:\Apache2.2\htdocs\doudou\framework\web\widgets\CContentDecorator.php(76): IndexController->renderFile()
#2 E:\Apache2.2\htdocs\doudou\framework\web\widgets\CContentDecorator.php(54): CContentDecorator->decorate()
#3 E:\Apache2.2\htdocs\doudou\framework\web\widgets\COutputProcessor.php(44): CContentDecorator->processOutput()
#4 E:\Apache2.2\htdocs\doudou\framework\web\CBaseController.php(206): CContentDecorator->run()
#5 E:\Apache2.2\htdocs\doudou\framework\web\CBaseController.php(300): IndexController->endWidget()
#6 E:\Apache2.2\htdocs\doudou\protected\views\layouts\column1.php(6): IndexController->endContent()
#7 E:\Apache2.2\htdocs\doudou\framework\web\CBaseController.php(126): require()
#8 E:\Apache2.2\htdocs\doudou\framework\web\CBaseController.php(95): IndexController->renderInternal()
#9 E:\Apache2.2\htdocs\doudou\framework\web\CController.php(784): IndexController->renderFile()
#10 E:\Apache2.2\htdocs\doudou\protected\controllers\IndexController.php(32): IndexController->render()
#11 E:\Apache2.2\htdocs\doudou\framework\web\actions\CInlineAction.php(49): IndexController->actionIndex()
#12 E:\Apache2.2\htdocs\doudou\framework\web\CController.php(308): CInlineAction->runWithParams()
#13 E:\Apache2.2\htdocs\doudou\framework\web\CController.php(286): IndexController->runAction()
#14 E:\Apache2.2\htdocs\doudou\framework\web\CController.php(265): IndexController->runActionWithFilters()
#15 E:\Apache2.2\htdocs\doudou\framework\web\CWebApplication.php(282): IndexController->run()
#16 E:\Apache2.2\htdocs\doudou\framework\web\CWebApplication.php(141): CWebApplication->runController()
#17 E:\Apache2.2\htdocs\doudou\framework\base\CApplication.php(180): CWebApplication->processRequest()
#18 E:\Apache2.2\htdocs\doudou\index-test.php(15): CWebApplication->run()
REQUEST_URI=/index-test.php
2013/08/12 13:01:56 [error] [php] date(): It is not safe to rely on the system's timezone settings. You are *required* to use the date.timezone setting or the date_default_timezone_set() function. In case you used any of those methods and you are still getting this warning, you most likely misspelled the timezone identifier. We selected the timezone 'UTC' for now, but please set date.timezone to select your timezone. (E:\Apache2.2\htdocs\doudou\protected\views\layouts\main.php:42)
Stack trace:
#0 E:\Apache2.2\htdocs\doudou\framework\web\CBaseController.php(95): IndexController->renderInternal()
#1 E:\Apache2.2\htdocs\doudou\framework\web\widgets\CContentDecorator.php(76): IndexController->renderFile()
#2 E:\Apache2.2\htdocs\doudou\framework\web\widgets\CContentDecorator.php(54): CContentDecorator->decorate()
#3 E:\Apache2.2\htdocs\doudou\framework\web\widgets\COutputProcessor.php(44): CContentDecorator->processOutput()
#4 E:\Apache2.2\htdocs\doudou\framework\web\CBaseController.php(206): CContentDecorator->run()
#5 E:\Apache2.2\htdocs\doudou\framework\web\CBaseController.php(300): IndexController->endWidget()
#6 E:\Apache2.2\htdocs\doudou\protected\views\layouts\column1.php(6): IndexController->endContent()
#7 E:\Apache2.2\htdocs\doudou\framework\web\CBaseController.php(126): require()
#8 E:\Apache2.2\htdocs\doudou\framework\web\CBaseController.php(95): IndexController->renderInternal()
#9 E:\Apache2.2\htdocs\doudou\framework\web\CController.php(784): IndexController->renderFile()
#10 E:\Apache2.2\htdocs\doudou\protected\controllers\IndexController.php(32): IndexController->render()
#11 E:\Apache2.2\htdocs\doudou\framework\web\actions\CInlineAction.php(49): IndexController->actionIndex()
#12 E:\Apache2.2\htdocs\doudou\framework\web\CController.php(308): CInlineAction->runWithParams()
#13 E:\Apache2.2\htdocs\doudou\framework\web\CController.php(286): IndexController->runAction()
#14 E:\Apache2.2\htdocs\doudou\framework\web\CController.php(265): IndexController->runActionWithFilters()
#15 E:\Apache2.2\htdocs\doudou\framework\web\CWebApplication.php(282): IndexController->run()
#16 E:\Apache2.2\htdocs\doudou\framework\web\CWebApplication.php(141): CWebApplication->runController()
#17 E:\Apache2.2\htdocs\doudou\framework\base\CApplication.php(180): CWebApplication->processRequest()
#18 E:\Apache2.2\htdocs\doudou\index-test.php(15): CWebApplication->run()
REQUEST_URI=/index-test.php
2013/08/12 13:01:56 [error] [php] date(): It is not safe to rely on the system's timezone settings. You are *required* to use the date.timezone setting or the date_default_timezone_set() function. In case you used any of those methods and you are still getting this warning, you most likely misspelled the timezone identifier. We selected the timezone 'UTC' for now, but please set date.timezone to select your timezone. (E:\Apache2.2\htdocs\doudou\protected\views\layouts\main.php:42)
Stack trace:
#0 E:\Apache2.2\htdocs\doudou\framework\web\CBaseController.php(95): IndexController->renderInternal()
#1 E:\Apache2.2\htdocs\doudou\framework\web\widgets\CContentDecorator.php(76): IndexController->renderFile()
#2 E:\Apache2.2\htdocs\doudou\framework\web\widgets\CContentDecorator.php(54): CContentDecorator->decorate()
#3 E:\Apache2.2\htdocs\doudou\framework\web\widgets\COutputProcessor.php(44): CContentDecorator->processOutput()
#4 E:\Apache2.2\htdocs\doudou\framework\web\CBaseController.php(206): CContentDecorator->run()
#5 E:\Apache2.2\htdocs\doudou\framework\web\CBaseController.php(300): IndexController->endWidget()
#6 E:\Apache2.2\htdocs\doudou\protected\views\layouts\column1.php(6): IndexController->endContent()
#7 E:\Apache2.2\htdocs\doudou\framework\web\CBaseController.php(126): require()
#8 E:\Apache2.2\htdocs\doudou\framework\web\CBaseController.php(95): IndexController->renderInternal()
#9 E:\Apache2.2\htdocs\doudou\framework\web\CController.php(784): IndexController->renderFile()
#10 E:\Apache2.2\htdocs\doudou\protected\controllers\IndexController.php(32): IndexController->render()
#11 E:\Apache2.2\htdocs\doudou\framework\web\actions\CInlineAction.php(49): IndexController->actionIndex()
#12 E:\Apache2.2\htdocs\doudou\framework\web\CController.php(308): CInlineAction->runWithParams()
#13 E:\Apache2.2\htdocs\doudou\framework\web\CController.php(286): IndexController->runAction()
#14 E:\Apache2.2\htdocs\doudou\framework\web\CController.php(265): IndexController->runActionWithFilters()
#15 E:\Apache2.2\htdocs\doudou\framework\web\CWebApplication.php(282): IndexController->run()
#16 E:\Apache2.2\htdocs\doudou\framework\web\CWebApplication.php(141): CWebApplication->runController()
#17 E:\Apache2.2\htdocs\doudou\framework\base\CApplication.php(180): CWebApplication->processRequest()
#18 E:\Apache2.2\htdocs\doudou\index-test.php(15): CWebApplication->run()
REQUEST_URI=/index-test.php
2013/08/12 13:01:57 [error] [php] date(): It is not safe to rely on the system's timezone settings. You are *required* to use the date.timezone setting or the date_default_timezone_set() function. In case you used any of those methods and you are still getting this warning, you most likely misspelled the timezone identifier. We selected the timezone 'UTC' for now, but please set date.timezone to select your timezone. (E:\Apache2.2\htdocs\doudou\protected\views\layouts\main.php:42)
Stack trace:
#0 E:\Apache2.2\htdocs\doudou\framework\web\CBaseController.php(95): IndexController->renderInternal()
#1 E:\Apache2.2\htdocs\doudou\framework\web\widgets\CContentDecorator.php(76): IndexController->renderFile()
#2 E:\Apache2.2\htdocs\doudou\framework\web\widgets\CContentDecorator.php(54): CContentDecorator->decorate()
#3 E:\Apache2.2\htdocs\doudou\framework\web\widgets\COutputProcessor.php(44): CContentDecorator->processOutput()
#4 E:\Apache2.2\htdocs\doudou\framework\web\CBaseController.php(206): CContentDecorator->run()
#5 E:\Apache2.2\htdocs\doudou\framework\web\CBaseController.php(300): IndexController->endWidget()
#6 E:\Apache2.2\htdocs\doudou\protected\views\layouts\column1.php(6): IndexController->endContent()
#7 E:\Apache2.2\htdocs\doudou\framework\web\CBaseController.php(126): require()
#8 E:\Apache2.2\htdocs\doudou\framework\web\CBaseController.php(95): IndexController->renderInternal()
#9 E:\Apache2.2\htdocs\doudou\framework\web\CController.php(784): IndexController->renderFile()
#10 E:\Apache2.2\htdocs\doudou\protected\controllers\IndexController.php(32): IndexController->render()
#11 E:\Apache2.2\htdocs\doudou\framework\web\actions\CInlineAction.php(49): IndexController->actionIndex()
#12 E:\Apache2.2\htdocs\doudou\framework\web\CController.php(308): CInlineAction->runWithParams()
#13 E:\Apache2.2\htdocs\doudou\framework\web\CController.php(286): IndexController->runAction()
#14 E:\Apache2.2\htdocs\doudou\framework\web\CController.php(265): IndexController->runActionWithFilters()
#15 E:\Apache2.2\htdocs\doudou\framework\web\CWebApplication.php(282): IndexController->run()
#16 E:\Apache2.2\htdocs\doudou\framework\web\CWebApplication.php(141): CWebApplication->runController()
#17 E:\Apache2.2\htdocs\doudou\framework\base\CApplication.php(180): CWebApplication->processRequest()
#18 E:\Apache2.2\htdocs\doudou\index-test.php(15): CWebApplication->run()
REQUEST_URI=/index-test.php
2013/08/12 13:01:57 [error] [php] date(): It is not safe to rely on the system's timezone settings. You are *required* to use the date.timezone setting or the date_default_timezone_set() function. In case you used any of those methods and you are still getting this warning, you most likely misspelled the timezone identifier. We selected the timezone 'UTC' for now, but please set date.timezone to select your timezone. (E:\Apache2.2\htdocs\doudou\protected\views\layouts\main.php:42)
Stack trace:
#0 E:\Apache2.2\htdocs\doudou\framework\web\CBaseController.php(95): IndexController->renderInternal()
#1 E:\Apache2.2\htdocs\doudou\framework\web\widgets\CContentDecorator.php(76): IndexController->renderFile()
#2 E:\Apache2.2\htdocs\doudou\framework\web\widgets\CContentDecorator.php(54): CContentDecorator->decorate()
#3 E:\Apache2.2\htdocs\doudou\framework\web\widgets\COutputProcessor.php(44): CContentDecorator->processOutput()
#4 E:\Apache2.2\htdocs\doudou\framework\web\CBaseController.php(206): CContentDecorator->run()
#5 E:\Apache2.2\htdocs\doudou\framework\web\CBaseController.php(300): IndexController->endWidget()
#6 E:\Apache2.2\htdocs\doudou\protected\views\layouts\column1.php(6): IndexController->endContent()
#7 E:\Apache2.2\htdocs\doudou\framework\web\CBaseController.php(126): require()
#8 E:\Apache2.2\htdocs\doudou\framework\web\CBaseController.php(95): IndexController->renderInternal()
#9 E:\Apache2.2\htdocs\doudou\framework\web\CController.php(784): IndexController->renderFile()
#10 E:\Apache2.2\htdocs\doudou\protected\controllers\IndexController.php(32): IndexController->render()
#11 E:\Apache2.2\htdocs\doudou\framework\web\actions\CInlineAction.php(49): IndexController->actionIndex()
#12 E:\Apache2.2\htdocs\doudou\framework\web\CController.php(308): CInlineAction->runWithParams()
#13 E:\Apache2.2\htdocs\doudou\framework\web\CController.php(286): IndexController->runAction()
#14 E:\Apache2.2\htdocs\doudou\framework\web\CController.php(265): IndexController->runActionWithFilters()
#15 E:\Apache2.2\htdocs\doudou\framework\web\CWebApplication.php(282): IndexController->run()
#16 E:\Apache2.2\htdocs\doudou\framework\web\CWebApplication.php(141): CWebApplication->runController()
#17 E:\Apache2.2\htdocs\doudou\framework\base\CApplication.php(180): CWebApplication->processRequest()
#18 E:\Apache2.2\htdocs\doudou\index-test.php(15): CWebApplication->run()
REQUEST_URI=/index-test.php
2013/08/12 13:01:57 [error] [php] date(): It is not safe to rely on the system's timezone settings. You are *required* to use the date.timezone setting or the date_default_timezone_set() function. In case you used any of those methods and you are still getting this warning, you most likely misspelled the timezone identifier. We selected the timezone 'UTC' for now, but please set date.timezone to select your timezone. (E:\Apache2.2\htdocs\doudou\protected\views\layouts\main.php:42)
Stack trace:
#0 E:\Apache2.2\htdocs\doudou\framework\web\CBaseController.php(95): IndexController->renderInternal()
#1 E:\Apache2.2\htdocs\doudou\framework\web\widgets\CContentDecorator.php(76): IndexController->renderFile()
#2 E:\Apache2.2\htdocs\doudou\framework\web\widgets\CContentDecorator.php(54): CContentDecorator->decorate()
#3 E:\Apache2.2\htdocs\doudou\framework\web\widgets\COutputProcessor.php(44): CContentDecorator->processOutput()
#4 E:\Apache2.2\htdocs\doudou\framework\web\CBaseController.php(206): CContentDecorator->run()
#5 E:\Apache2.2\htdocs\doudou\framework\web\CBaseController.php(300): IndexController->endWidget()
#6 E:\Apache2.2\htdocs\doudou\protected\views\layouts\column1.php(6): IndexController->endContent()
#7 E:\Apache2.2\htdocs\doudou\framework\web\CBaseController.php(126): require()
#8 E:\Apache2.2\htdocs\doudou\framework\web\CBaseController.php(95): IndexController->renderInternal()
#9 E:\Apache2.2\htdocs\doudou\framework\web\CController.php(784): IndexController->renderFile()
#10 E:\Apache2.2\htdocs\doudou\protected\controllers\IndexController.php(32): IndexController->render()
#11 E:\Apache2.2\htdocs\doudou\framework\web\actions\CInlineAction.php(49): IndexController->actionIndex()
#12 E:\Apache2.2\htdocs\doudou\framework\web\CController.php(308): CInlineAction->runWithParams()
#13 E:\Apache2.2\htdocs\doudou\framework\web\CController.php(286): IndexController->runAction()
#14 E:\Apache2.2\htdocs\doudou\framework\web\CController.php(265): IndexController->runActionWithFilters()
#15 E:\Apache2.2\htdocs\doudou\framework\web\CWebApplication.php(282): IndexController->run()
#16 E:\Apache2.2\htdocs\doudou\framework\web\CWebApplication.php(141): CWebApplication->runController()
#17 E:\Apache2.2\htdocs\doudou\framework\base\CApplication.php(180): CWebApplication->processRequest()
#18 E:\Apache2.2\htdocs\doudou\index-test.php(15): CWebApplication->run()
REQUEST_URI=/index-test.php
2013/08/12 13:01:57 [error] [php] date(): It is not safe to rely on the system's timezone settings. You are *required* to use the date.timezone setting or the date_default_timezone_set() function. In case you used any of those methods and you are still getting this warning, you most likely misspelled the timezone identifier. We selected the timezone 'UTC' for now, but please set date.timezone to select your timezone. (E:\Apache2.2\htdocs\doudou\protected\views\layouts\main.php:42)
Stack trace:
#0 E:\Apache2.2\htdocs\doudou\framework\web\CBaseController.php(95): IndexController->renderInternal()
#1 E:\Apache2.2\htdocs\doudou\framework\web\widgets\CContentDecorator.php(76): IndexController->renderFile()
#2 E:\Apache2.2\htdocs\doudou\framework\web\widgets\CContentDecorator.php(54): CContentDecorator->decorate()
#3 E:\Apache2.2\htdocs\doudou\framework\web\widgets\COutputProcessor.php(44): CContentDecorator->processOutput()
#4 E:\Apache2.2\htdocs\doudou\framework\web\CBaseController.php(206): CContentDecorator->run()
#5 E:\Apache2.2\htdocs\doudou\framework\web\CBaseController.php(300): IndexController->endWidget()
#6 E:\Apache2.2\htdocs\doudou\protected\views\layouts\column1.php(6): IndexController->endContent()
#7 E:\Apache2.2\htdocs\doudou\framework\web\CBaseController.php(126): require()
#8 E:\Apache2.2\htdocs\doudou\framework\web\CBaseController.php(95): IndexController->renderInternal()
#9 E:\Apache2.2\htdocs\doudou\framework\web\CController.php(784): IndexController->renderFile()
#10 E:\Apache2.2\htdocs\doudou\protected\controllers\IndexController.php(32): IndexController->render()
#11 E:\Apache2.2\htdocs\doudou\framework\web\actions\CInlineAction.php(49): IndexController->actionIndex()
#12 E:\Apache2.2\htdocs\doudou\framework\web\CController.php(308): CInlineAction->runWithParams()
#13 E:\Apache2.2\htdocs\doudou\framework\web\CController.php(286): IndexController->runAction()
#14 E:\Apache2.2\htdocs\doudou\framework\web\CController.php(265): IndexController->runActionWithFilters()
#15 E:\Apache2.2\htdocs\doudou\framework\web\CWebApplication.php(282): IndexController->run()
#16 E:\Apache2.2\htdocs\doudou\framework\web\CWebApplication.php(141): CWebApplication->runController()
#17 E:\Apache2.2\htdocs\doudou\framework\base\CApplication.php(180): CWebApplication->processRequest()
#18 E:\Apache2.2\htdocs\doudou\index-test.php(15): CWebApplication->run()
REQUEST_URI=/index-test.php
